<?xml version="1.0" encoding="UTF-8"?>
<!-- Generated by org.testng.reporters.JUnitReportReporter -->
<testsuite hostname="fv-az449-681" failures="0" tests="3" name="com.practicetestautomation.tests.LoginTests" time="13.688" errors="0" timestamp="2022-12-25T13:33:57 UTC" skipped="0">
  <testcase classname="com.practicetestautomation.tests.LoginTests" name="logInTest" time="7.319"/>
  <system-out/>
  <testcase classname="com.practicetestautomation.tests.LoginTests" name="negativeLoginTest" time="1.180"/>
  <system-out/>
  <testcase classname="com.practicetestautomation.tests.LoginTests" name="negativeLoginTest" time="5.189"/>
  <system-out/>
</testsuite> <!-- com.practicetestautomation.tests.LoginTests -->
