<?xml version="1.0" encoding="UTF-8"?>
<!-- Generated by org.testng.reporters.JUnitReportReporter -->
<testsuite hostname="fv-az267-527" failures="0" tests="3" name="com.practicetestautomation.tests.LoginTests" time="15.899" errors="0" timestamp="2022-12-25T13:28:21 UTC" skipped="0">
  <testcase classname="com.practicetestautomation.tests.LoginTests" name="logInTest" time="8.326"/>
  <system-out/>
  <testcase classname="com.practicetestautomation.tests.LoginTests" name="negativeLoginTest" time="1.474"/>
  <system-out/>
  <testcase classname="com.practicetestautomation.tests.LoginTests" name="negativeLoginTest" time="6.099"/>
  <system-out/>
</testsuite> <!-- com.practicetestautomation.tests.LoginTests -->
